c:\users\23001\projects\src\mruby\mruby.interop\x64\debug\mruby.interop.pch
c:\users\23001\projects\src\mruby\mruby.interop\x64\debug\vc140.pdb
c:\users\23001\projects\src\mruby\mruby.interop\x64\debug\stdafx.obj
c:\users\23001\projects\src\mruby\mruby.interop\x64\debug\mruby.interop.obj
c:\users\23001\projects\src\mruby\mruby.interop\x64\debug\assemblyinfo.obj
c:\users\23001\projects\src\mruby\mruby.interop\x64\debug\.netframework,version=v4.6.1.assemblyattributes.obj
c:\users\23001\projects\src\mruby\mruby.interop\x64\debug\.netframework,version=v4.6.1.assemblyattributes.asm
c:\users\23001\projects\src\mruby\x64\debug\mruby.interop.dll
c:\users\23001\projects\src\mruby\x64\debug\mruby.interop.pdb
c:\users\23001\projects\src\mruby\mruby.interop\x64\debug\app.res
c:\users\23001\projects\src\mruby\mruby.interop\x64\debug\mruby.interop.tlog\cl.command.1.tlog
c:\users\23001\projects\src\mruby\mruby.interop\x64\debug\mruby.interop.tlog\cl.read.1.tlog
c:\users\23001\projects\src\mruby\mruby.interop\x64\debug\mruby.interop.tlog\cl.write.1.tlog
c:\users\23001\projects\src\mruby\mruby.interop\x64\debug\mruby.interop.tlog\link.command.1.tlog
c:\users\23001\projects\src\mruby\mruby.interop\x64\debug\mruby.interop.tlog\link.read.1.tlog
c:\users\23001\projects\src\mruby\mruby.interop\x64\debug\mruby.interop.tlog\link.write.1.tlog
c:\users\23001\projects\src\mruby\mruby.interop\x64\debug\mruby.interop.tlog\metagen.read.1.tlog
c:\users\23001\projects\src\mruby\mruby.interop\x64\debug\mruby.interop.tlog\metagen.write.1.tlog
c:\users\23001\projects\src\mruby\mruby.interop\x64\debug\mruby.interop.tlog\rc.command.1.tlog
c:\users\23001\projects\src\mruby\mruby.interop\x64\debug\mruby.interop.tlog\rc.read.1.tlog
c:\users\23001\projects\src\mruby\mruby.interop\x64\debug\mruby.interop.tlog\rc.write.1.tlog
