  Stdafx.cpp
  AssemblyInfo.cpp
  MRuby.cpp
C:\Users\23001\projects\src\MRuby\vendor\mruby\include\mruby/gc.h(41): warning C4200: 非標準の拡張機能が使用されています: 構造体または共用体中にサイズが 0 の配列があります。
  C:\Users\23001\projects\src\MRuby\vendor\mruby\include\mruby/gc.h(41): note: このメンバーは、既定のコンストラクターまたはコピー/移動代入演算子により無視されます
c:\users\23001\projects\src\mruby\src\mruby.interop\mruby.interop\Utils.h(21): warning C4091: 'static ': 変数が何も宣言されていないときは、'MRubyCSharp::Interop::Utils' の左辺を無視します。
  MRubyClass.cpp
C:\Users\23001\projects\src\MRuby\vendor\mruby\include\mruby/gc.h(41): warning C4200: 非標準の拡張機能が使用されています: 構造体または共用体中にサイズが 0 の配列があります。
  C:\Users\23001\projects\src\MRuby\vendor\mruby\include\mruby/gc.h(41): note: このメンバーは、既定のコンストラクターまたはコピー/移動代入演算子により無視されます
c:\users\23001\projects\src\mruby\src\mruby.interop\mruby.interop\Utils.h(21): warning C4091: 'static ': 変数が何も宣言されていないときは、'MRubyCSharp::Interop::Utils' の左辺を無視します。
  Utils.cpp
C:\Users\23001\projects\src\MRuby\vendor\mruby\include\mruby/gc.h(41): warning C4200: 非標準の拡張機能が使用されています: 構造体または共用体中にサイズが 0 の配列があります。
  C:\Users\23001\projects\src\MRuby\vendor\mruby\include\mruby/gc.h(41): note: このメンバーは、既定のコンストラクターまたはコピー/移動代入演算子により無視されます
c:\users\23001\projects\src\mruby\src\mruby.interop\mruby.interop\Utils.h(21): warning C4091: 'static ': 変数が何も宣言されていないときは、'MRubyCSharp::Interop::Utils' の左辺を無視します。
  コードを生成中...
  .NETFramework,Version=v4.6.1.AssemblyAttributes.cpp
  AssemblyInfo.obj : マネージ コードが存在する場合は、/DEBUG:FASTLINK はサポートされません。/DEBUG:FULL でリンクを再開します
MRuby.obj : error LNK2020: 未解決のトークン (0A000103) "extern "C" int __cdecl mrb_get_args(struct mrb_state *,char const *,...)" (?mrb_get_args@@$$J0YAHPAUmrb_state@@PBDZZ)
MRubyClass.obj : error LNK2028: 未解決のトークン (0A00010A) "extern "C" int __cdecl mrb_get_args(struct mrb_state *,char const *,...)" (?mrb_get_args@@$$J0YAHPAUmrb_state@@PBDZZ) が関数 "public: __thiscall MRubyCSharp::Interop::InstanceHolder::~InstanceHolder(void)" (??1InstanceHolder@Interop@MRubyCSharp@@$$FQAE@XZ) で参照されました。
MRuby.obj : error LNK2020: 未解決のトークン (0A000104) "extern "C" int __cdecl mrb_get_args(struct mrb_state *,char const *,...)" (?mrb_get_args@@$$J0YAHPAUmrb_state@@PBDZZ)
MRuby.obj : error LNK2028: 未解決のトークン (0A000105) "extern "C" void __cdecl mrb_define_module_function(struct mrb_state *,struct RClass *,char const *,struct mrb_value (__cdecl*)(struct mrb_state *,struct mrb_value),unsigned int)" (?mrb_define_module_function@@$$J0YAXPAUmrb_state@@PAURClass@@PBDP6A?AUmrb_value@@0U3@@ZI@Z) が関数 "private: void __clrcall MRubyCSharp::Interop::MRuby::InitCSharpModule(void)" (?InitCSharpModule@MRuby@Interop@MRubyCSharp@@$$FA$AAMXXZ) で参照されました。
MRuby.obj : error LNK2028: 未解決のトークン (0A000107) "extern "C" struct RClass * __cdecl mrb_define_module(struct mrb_state *,char const *)" (?mrb_define_module@@$$J0YAPAURClass@@PAUmrb_state@@PBD@Z) が関数 "private: void __clrcall MRubyCSharp::Interop::MRuby::InitCSharpModule(void)" (?InitCSharpModule@MRuby@Interop@MRubyCSharp@@$$FA$AAMXXZ) で参照されました。
MRuby.obj : error LNK2028: 未解決のトークン (0A000108) "extern "C" struct mrb_value __cdecl mrb_load_string(struct mrb_state *,char const *)" (?mrb_load_string@@$$J0YA?AUmrb_value@@PAUmrb_state@@PBD@Z) が関数 "public: class System::Object ^ __clrcall MRubyCSharp::Interop::MRuby::LoadStringW(class System::String ^)" (?LoadStringW@MRuby@Interop@MRubyCSharp@@$$FQ$AAMP$AAVObject@System@@P$AAVString@5@@Z) で参照されました。
MRuby.obj : error LNK2028: 未解決のトークン (0A000109) "extern "C" void __cdecl mrb_close(struct mrb_state *)" (?mrb_close@@$$J0YAXPAUmrb_state@@@Z) が関数 __catch$??1MRuby@Interop@MRubyCSharp@@$$FA$AAM@XZ$0 で参照されました。
MRuby.obj : error LNK2028: 未解決のトークン (0A000110) "extern "C" struct mrb_state * __cdecl mrb_open(void)" (?mrb_open@@$$J0YAPAUmrb_state@@XZ) が関数 "public: __clrcall MRubyCSharp::Interop::MRuby::MRuby(class System::String ^)" (??0MRuby@Interop@MRubyCSharp@@$$FQ$AAM@P$AAVString@System@@@Z) で参照されました。
MRubyClass.obj : error LNK2028: 未解決のトークン (0A000101) "extern "C" void * __cdecl mrb_data_get_ptr(struct mrb_state *,struct mrb_value,struct mrb_data_type const *)" (?mrb_data_get_ptr@@$$J0YAPAXPAUmrb_state@@Umrb_value@@PBUmrb_data_type@@@Z) が関数 "protected: virtual struct mrb_value __clrcall MRubyCSharp::Interop::MRubyClass::InstanceMethod::Func(struct mrb_state *,struct mrb_value,class System::Type ^,cli::array<class System::Type ^ >^,cli::array<class System::Object ^ >^)" (?Func@InstanceMethod@MRubyClass@Interop@MRubyCSharp@@$$FM$AAM?AUmrb_value@@PAUmrb_state@@U5@P$AAVType@System@@P$01AP$AAV78@P$01AP$AAVObject@8@@Z) で参照されました。
MRubyClass.obj : error LNK2028: 未解決のトークン (0A000104) "extern "C" void __cdecl mrb_define_class_method(struct mrb_state *,struct RClass *,char const *,struct mrb_value (__cdecl*)(struct mrb_state *,struct mrb_value),unsigned int)" (?mrb_define_class_method@@$$J0YAXPAUmrb_state@@PAURClass@@PBDP6A?AUmrb_value@@0U3@@ZI@Z) が関数 "protected: virtual void __clrcall MRubyCSharp::Interop::MRubyClass::ClassMethod::DefineMethod(struct mrb_state *,struct RClass *,struct mrb_value (__cdecl*)(struct mrb_state *,struct mrb_value))" (?DefineMethod@ClassMethod@MRubyClass@Interop@MRubyCSharp@@$$FM$AAMXPAUmrb_state@@PAURClass@@P6A?AUmrb_value@@0U7@@Z@Z) で参照されました。
MRubyClass.obj : error LNK2028: 未解決のトークン (0A000107) "extern "C" void __cdecl mrb_define_method(struct mrb_state *,struct RClass *,char const *,struct mrb_value (__cdecl*)(struct mrb_state *,struct mrb_value),unsigned int)" (?mrb_define_method@@$$J0YAXPAUmrb_state@@PAURClass@@PBDP6A?AUmrb_value@@0U3@@ZI@Z) が関数 "protected: virtual void __clrcall MRubyCSharp::Interop::MRubyClass::InitializeMethod::DefineMethod(struct mrb_state *,struct RClass *,struct mrb_value (__cdecl*)(struct mrb_state *,struct mrb_value))" (?DefineMethod@InitializeMethod@MRubyClass@Interop@MRubyCSharp@@$$FM$AAMXPAUmrb_state@@PAURClass@@P6A?AUmrb_value@@0U7@@Z@Z) で参照されました。
MRubyClass.obj : error LNK2028: 未解決のトークン (0A000109) "extern "C" int __cdecl mrb_get_args(struct mrb_state *,char const *,...)" (?mrb_get_args@@$$J0YAHPAUmrb_state@@PBDZZ) が関数 "public: __thiscall MRubyCSharp::Interop::InstanceHolder::~InstanceHolder(void)" (??1InstanceHolder@Interop@MRubyCSharp@@$$FQAE@XZ) で参照されました。
MRubyClass.obj : error LNK2028: 未解決のトークン (0A000110) "extern "C" struct RClass * __cdecl mrb_define_class_under(struct mrb_state *,struct RClass *,char const *,struct RClass *)" (?mrb_define_class_under@@$$J0YAPAURClass@@PAUmrb_state@@PAU1@PBD1@Z) が関数 "private: void __clrcall MRubyCSharp::Interop::MRubyClass::DefineClass(void)" (?DefineClass@MRubyClass@Interop@MRubyCSharp@@$$FA$AAMXXZ) で参照されました。
Utils.obj : error LNK2028: 未解決のトークン (0A0000F8) "extern "C" struct mrb_value __cdecl mrb_str_new_cstr(struct mrb_state *,char const *)" (?mrb_str_new_cstr@@$$J0YA?AUmrb_value@@PAUmrb_state@@PBD@Z) が関数 "public: static struct mrb_value __clrcall MRubyCSharp::Interop::Utils::GetMRubyValue(struct mrb_state *,class System::Object ^)" (?GetMRubyValue@Utils@Interop@MRubyCSharp@@$$FSM?AUmrb_value@@PAUmrb_state@@P$AAVObject@System@@@Z) で参照されました。
Utils.obj : error LNK2028: 未解決のトークン (0A0000FD) "extern "C" char * __cdecl mrb_str_to_cstr(struct mrb_state *,struct mrb_value)" (?mrb_str_to_cstr@@$$J0YAPADPAUmrb_state@@Umrb_value@@@Z) が関数 "public: static class System::Object ^ __clrcall MRubyCSharp::Interop::Utils::GetCSharpValue(struct mrb_state *,struct mrb_value)" (?GetCSharpValue@Utils@Interop@MRubyCSharp@@$$FSMP$AAVObject@System@@PAUmrb_state@@Umrb_value@@@Z) で参照されました。
MRuby.obj : error LNK2019: 未解決の外部シンボル "extern "C" void __cdecl mrb_close(struct mrb_state *)" (?mrb_close@@$$J0YAXPAUmrb_state@@@Z) が関数 __catch$??1MRuby@Interop@MRubyCSharp@@$$FA$AAM@XZ$0 で参照されました。
MRuby.obj : error LNK2001: 外部シンボル ""extern "C" int __cdecl mrb_get_args(struct mrb_state *,char const *,...)" (?mrb_get_args@@$$J0YAHPAUmrb_state@@PBDZZ)" は未解決です。
MRubyClass.obj : error LNK2001: 外部シンボル ""extern "C" int __cdecl mrb_get_args(struct mrb_state *,char const *,...)" (?mrb_get_args@@$$J0YAHPAUmrb_state@@PBDZZ)" は未解決です。
MRuby.obj : error LNK2019: 未解決の外部シンボル "extern "C" struct mrb_value __cdecl mrb_load_string(struct mrb_state *,char const *)" (?mrb_load_string@@$$J0YA?AUmrb_value@@PAUmrb_state@@PBD@Z) が関数 "public: class System::Object ^ __clrcall MRubyCSharp::Interop::MRuby::LoadStringW(class System::String ^)" (?LoadStringW@MRuby@Interop@MRubyCSharp@@$$FQ$AAMP$AAVObject@System@@P$AAVString@5@@Z) で参照されました。
MRuby.obj : error LNK2019: 未解決の外部シンボル "extern "C" struct RClass * __cdecl mrb_define_module(struct mrb_state *,char const *)" (?mrb_define_module@@$$J0YAPAURClass@@PAUmrb_state@@PBD@Z) が関数 "private: void __clrcall MRubyCSharp::Interop::MRuby::InitCSharpModule(void)" (?InitCSharpModule@MRuby@Interop@MRubyCSharp@@$$FA$AAMXXZ) で参照されました。
MRuby.obj : error LNK2019: 未解決の外部シンボル "extern "C" void __cdecl mrb_define_module_function(struct mrb_state *,struct RClass *,char const *,struct mrb_value (__cdecl*)(struct mrb_state *,struct mrb_value),unsigned int)" (?mrb_define_module_function@@$$J0YAXPAUmrb_state@@PAURClass@@PBDP6A?AUmrb_value@@0U3@@ZI@Z) が関数 "private: void __clrcall MRubyCSharp::Interop::MRuby::InitCSharpModule(void)" (?InitCSharpModule@MRuby@Interop@MRubyCSharp@@$$FA$AAMXXZ) で参照されました。
MRuby.obj : error LNK2019: 未解決の外部シンボル "extern "C" struct mrb_state * __cdecl mrb_open(void)" (?mrb_open@@$$J0YAPAUmrb_state@@XZ) が関数 "public: __clrcall MRubyCSharp::Interop::MRuby::MRuby(class System::String ^)" (??0MRuby@Interop@MRubyCSharp@@$$FQ$AAM@P$AAVString@System@@@Z) で参照されました。
MRubyClass.obj : error LNK2019: 未解決の外部シンボル "extern "C" void * __cdecl mrb_data_get_ptr(struct mrb_state *,struct mrb_value,struct mrb_data_type const *)" (?mrb_data_get_ptr@@$$J0YAPAXPAUmrb_state@@Umrb_value@@PBUmrb_data_type@@@Z) が関数 "protected: virtual struct mrb_value __clrcall MRubyCSharp::Interop::MRubyClass::InstanceMethod::Func(struct mrb_state *,struct mrb_value,class System::Type ^,cli::array<class System::Type ^ >^,cli::array<class System::Object ^ >^)" (?Func@InstanceMethod@MRubyClass@Interop@MRubyCSharp@@$$FM$AAM?AUmrb_value@@PAUmrb_state@@U5@P$AAVType@System@@P$01AP$AAV78@P$01AP$AAVObject@8@@Z) で参照されました。
MRubyClass.obj : error LNK2019: 未解決の外部シンボル "extern "C" struct RClass * __cdecl mrb_define_class_under(struct mrb_state *,struct RClass *,char const *,struct RClass *)" (?mrb_define_class_under@@$$J0YAPAURClass@@PAUmrb_state@@PAU1@PBD1@Z) が関数 "private: void __clrcall MRubyCSharp::Interop::MRubyClass::DefineClass(void)" (?DefineClass@MRubyClass@Interop@MRubyCSharp@@$$FA$AAMXXZ) で参照されました。
MRubyClass.obj : error LNK2019: 未解決の外部シンボル "extern "C" void __cdecl mrb_define_method(struct mrb_state *,struct RClass *,char const *,struct mrb_value (__cdecl*)(struct mrb_state *,struct mrb_value),unsigned int)" (?mrb_define_method@@$$J0YAXPAUmrb_state@@PAURClass@@PBDP6A?AUmrb_value@@0U3@@ZI@Z) が関数 "protected: virtual void __clrcall MRubyCSharp::Interop::MRubyClass::InitializeMethod::DefineMethod(struct mrb_state *,struct RClass *,struct mrb_value (__cdecl*)(struct mrb_state *,struct mrb_value))" (?DefineMethod@InitializeMethod@MRubyClass@Interop@MRubyCSharp@@$$FM$AAMXPAUmrb_state@@PAURClass@@P6A?AUmrb_value@@0U7@@Z@Z) で参照されました。
MRubyClass.obj : error LNK2019: 未解決の外部シンボル "extern "C" void __cdecl mrb_define_class_method(struct mrb_state *,struct RClass *,char const *,struct mrb_value (__cdecl*)(struct mrb_state *,struct mrb_value),unsigned int)" (?mrb_define_class_method@@$$J0YAXPAUmrb_state@@PAURClass@@PBDP6A?AUmrb_value@@0U3@@ZI@Z) が関数 "protected: virtual void __clrcall MRubyCSharp::Interop::MRubyClass::ClassMethod::DefineMethod(struct mrb_state *,struct RClass *,struct mrb_value (__cdecl*)(struct mrb_state *,struct mrb_value))" (?DefineMethod@ClassMethod@MRubyClass@Interop@MRubyCSharp@@$$FM$AAMXPAUmrb_state@@PAURClass@@P6A?AUmrb_value@@0U7@@Z@Z) で参照されました。
Utils.obj : error LNK2019: 未解決の外部シンボル "extern "C" char * __cdecl mrb_str_to_cstr(struct mrb_state *,struct mrb_value)" (?mrb_str_to_cstr@@$$J0YAPADPAUmrb_state@@Umrb_value@@@Z) が関数 "public: static class System::Object ^ __clrcall MRubyCSharp::Interop::Utils::GetCSharpValue(struct mrb_state *,struct mrb_value)" (?GetCSharpValue@Utils@Interop@MRubyCSharp@@$$FSMP$AAVObject@System@@PAUmrb_state@@Umrb_value@@@Z) で参照されました。
Utils.obj : error LNK2019: 未解決の外部シンボル "extern "C" struct mrb_value __cdecl mrb_str_new_cstr(struct mrb_state *,char const *)" (?mrb_str_new_cstr@@$$J0YA?AUmrb_value@@PAUmrb_state@@PBD@Z) が関数 "public: static struct mrb_value __clrcall MRubyCSharp::Interop::Utils::GetMRubyValue(struct mrb_state *,class System::Object ^)" (?GetMRubyValue@Utils@Interop@MRubyCSharp@@$$FSM?AUmrb_value@@PAUmrb_state@@P$AAVObject@System@@@Z) で参照されました。
C:\Users\23001\projects\src\MRuby\src\MRuby.Interop\..\..\vendor\mruby\build\host-debug\lib\libmruby.lib : warning LNK4272: ライブラリのコンピューターの種類 'x64' がターゲットのコンピューターの種類' X86' と競合しています
C:\Users\23001\projects\src\MRuby\src\MRuby.Interop\Debug\MRuby.Interop.dll : fatal error LNK1120: 27 件の未解決の外部参照
