c:\users\23001\projects\src\mruby\src\mruby.interop\mruby.interop\debug\mruby.interop.pch
c:\users\23001\projects\src\mruby\src\mruby.interop\mruby.interop\debug\vc140.pdb
c:\users\23001\projects\src\mruby\src\mruby.interop\mruby.interop\debug\stdafx.obj
c:\users\23001\projects\src\mruby\src\mruby.interop\mruby.interop\debug\utils.obj
c:\users\23001\projects\src\mruby\src\mruby.interop\mruby.interop\debug\mruby.obj
c:\users\23001\projects\src\mruby\src\mruby.interop\mruby.interop\debug\assemblyinfo.obj
c:\users\23001\projects\src\mruby\src\mruby.interop\mruby.interop\debug\mrubyclass.obj
c:\users\23001\projects\src\mruby\src\mruby.interop\mruby.interop\debug\.netframework,version=v4.6.1.assemblyattributes.obj
c:\users\23001\projects\src\mruby\src\mruby.interop\mruby.interop\debug\.netframework,version=v4.6.1.assemblyattributes.asm
c:\users\23001\projects\src\mruby\src\mruby.interop\debug\mruby.interop.dll
c:\users\23001\projects\src\mruby\src\mruby.interop\debug\mruby.interop.pdb
c:\users\23001\projects\src\mruby\src\mruby.interop\mruby.interop\debug\mruby.interop.vcxprojresolveassemblyreference.cache
c:\users\23001\projects\src\mruby\src\mruby.interop\mruby.interop\debug\mruby.interop.tlog\cl.command.1.tlog
c:\users\23001\projects\src\mruby\src\mruby.interop\mruby.interop\debug\mruby.interop.tlog\cl.read.1.tlog
c:\users\23001\projects\src\mruby\src\mruby.interop\mruby.interop\debug\mruby.interop.tlog\cl.write.1.tlog
c:\users\23001\projects\src\mruby\src\mruby.interop\mruby.interop\debug\mruby.interop.tlog\link.command.1.tlog
c:\users\23001\projects\src\mruby\src\mruby.interop\mruby.interop\debug\mruby.interop.tlog\link.read.1.tlog
c:\users\23001\projects\src\mruby\src\mruby.interop\mruby.interop\debug\mruby.interop.tlog\link.write.1.tlog
c:\users\23001\projects\src\mruby\src\mruby.interop\mruby.interop\debug\mruby.interop.tlog\metagen.read.1.tlog
c:\users\23001\projects\src\mruby\src\mruby.interop\mruby.interop\debug\mruby.interop.tlog\metagen.write.1.tlog
